<?xml version="1.0" encoding="UTF-8" ?>
<testsuites>
  <testsuite errors="0" failures="0" hostname="XERS-PC" id="0" name="InitialisationServiceTests" package="biblioj" tests="1" time="0.2" timestamp="2014-04-21T03:13:41">
      <properties />

      <testcase classname="biblioj.InitialisationServiceTests" name="testSomething" time="0.198" />

      <system-out><![CDATA[--Output from testSomething--
]]></system-out>

      <system-err><![CDATA[--Output from testSomething--
]]></system-err>

  </testsuite>
  <testsuite errors="2" failures="0" hostname="XERS-PC" id="1" name="ReservationTests" package="biblioj" tests="2" time="0.168" timestamp="2014-04-21T03:13:41">
      <properties />

      <testcase classname="biblioj.ReservationTests" name="testSomething" time="0.105">
          <error message="No signature of method: biblioj.Reservation.ajouterLivre() is applicable for argument types: (java.lang.Long) values: [12]&#xa;Possible solutions: ajouterLivre(int)" type="groovy.lang.MissingMethodException">groovy.lang.MissingMethodException: No signature of method: biblioj.Reservation.ajouterLivre() is applicable for argument types: (java.lang.Long) values: [12]
Possible solutions: ajouterLivre(int)
	at biblioj.ReservationTests.testSomething(ReservationTests.groovy:26)
</error>

      </testcase>

      <testcase classname="biblioj.ReservationTests" name="testSupprimer" time="0.06">
          <error message="No signature of method: biblioj.Reservation.ajouterLivre() is applicable for argument types: (java.lang.Long) values: [13]&#xa;Possible solutions: ajouterLivre(int)" type="groovy.lang.MissingMethodException">groovy.lang.MissingMethodException: No signature of method: biblioj.Reservation.ajouterLivre() is applicable for argument types: (java.lang.Long) values: [13]
Possible solutions: ajouterLivre(int)
	at biblioj.ReservationTests.testSupprimer(ReservationTests.groovy:35)
</error>

      </testcase>

      <system-out><![CDATA[--Output from testSomething--
--Output from testSupprimer--
]]></system-out>

      <system-err><![CDATA[--Output from testSomething--
--Output from testSupprimer--
]]></system-err>

  </testsuite>
  <testsuite errors="0" failures="0" hostname="XERS-PC" id="2" name="AuteurControllerTests" package="biblioj" tests="8" time="1.781" timestamp="2014-04-21T03:13:30">
      <properties />

      <testcase classname="biblioj.AuteurControllerTests" name="testEdit" time="0.859" />

      <testcase classname="biblioj.AuteurControllerTests" name="testUpdate" time="0.13" />

      <testcase classname="biblioj.AuteurControllerTests" name="testSave" time="0.224" />

      <testcase classname="biblioj.AuteurControllerTests" name="testDelete" time="0.089" />

      <testcase classname="biblioj.AuteurControllerTests" name="testCreate" time="0.079" />

      <testcase classname="biblioj.AuteurControllerTests" name="testShow" time="0.108" />

      <testcase classname="biblioj.AuteurControllerTests" name="testList" time="0.127" />

      <testcase classname="biblioj.AuteurControllerTests" name="testIndex" time="0.064" />

      <system-out><![CDATA[--Output from testEdit--
--Output from testUpdate--
--Output from testSave--
--Output from testDelete--
--Output from testCreate--
--Output from testShow--
--Output from testList--
--Output from testIndex--
]]></system-out>

      <system-err><![CDATA[--Output from testEdit--
--Output from testUpdate--
--Output from testSave--
--Output from testDelete--
--Output from testCreate--
--Output from testShow--
--Output from testList--
--Output from testIndex--
]]></system-err>

  </testsuite>
  <testsuite errors="0" failures="0" hostname="XERS-PC" id="3" name="AuteurTests" package="biblioj" tests="8" time="0.265" timestamp="2014-04-21T03:13:31">
      <properties />

      <testcase classname="biblioj.AuteurTests" name="testConstraintNomNullPrenomNull" time="0.075" />

      <testcase classname="biblioj.AuteurTests" name="testConstraintNomBlankPrenomBlanck" time="0.013" />

      <testcase classname="biblioj.AuteurTests" name="testToString" time="0.013" />

      <testcase classname="biblioj.AuteurTests" name="testConstraintPrenomNull" time="0.012" />

      <testcase classname="biblioj.AuteurTests" name="testConstraintNomNull" time="0.011" />

      <testcase classname="biblioj.AuteurTests" name="testConstraintNomBlank" time="0.012" />

      <testcase classname="biblioj.AuteurTests" name="testConstraintPrenomBlank" time="0.012" />

      <testcase classname="biblioj.AuteurTests" name="testConstraintsValidees" time="0.022" />

      <system-out><![CDATA[--Output from testConstraintNomNullPrenomNull--
--Output from testConstraintNomBlankPrenomBlanck--
--Output from testToString--
--Output from testConstraintPrenomNull--
--Output from testConstraintNomNull--
--Output from testConstraintNomBlank--
--Output from testConstraintPrenomBlank--
--Output from testConstraintsValidees--
]]></system-out>

      <system-err><![CDATA[--Output from testConstraintNomNullPrenomNull--
--Output from testConstraintNomBlankPrenomBlanck--
--Output from testToString--
--Output from testConstraintPrenomNull--
--Output from testConstraintNomNull--
--Output from testConstraintNomBlank--
--Output from testConstraintPrenomBlank--
--Output from testConstraintsValidees--
]]></system-err>

  </testsuite>
  <testsuite errors="0" failures="1" hostname="XERS-PC" id="4" name="InitialisationServiceTests" package="biblioj" tests="1" time="0.19" timestamp="2014-04-21T03:13:32">
      <properties />

      <testcase classname="biblioj.InitialisationServiceTests" name="testSomething" time="0.029">
          <failure message="junit.framework.AssertionFailedError: Implement me" type="junit.framework.AssertionFailedError">junit.framework.AssertionFailedError: junit.framework.AssertionFailedError: Implement me
	at biblioj.InitialisationServiceTests.testSomething(InitialisationServiceTests.groovy:15)
</failure>

      </testcase>

      <system-out><![CDATA[--Output from testSomething--
]]></system-out>

      <system-err><![CDATA[--Output from testSomething--
]]></system-err>

  </testsuite>
  <testsuite errors="0" failures="0" hostname="XERS-PC" id="5" name="LivreControllerTests" package="biblioj" tests="8" time="0.96" timestamp="2014-04-21T03:13:32">
      <properties />

      <testcase classname="biblioj.LivreControllerTests" name="testEdit" time="0.362" />

      <testcase classname="biblioj.LivreControllerTests" name="testUpdate" time="0.076" />

      <testcase classname="biblioj.LivreControllerTests" name="testSave" time="0.058" />

      <testcase classname="biblioj.LivreControllerTests" name="testDelete" time="0.062" />

      <testcase classname="biblioj.LivreControllerTests" name="testCreate" time="0.053" />

      <testcase classname="biblioj.LivreControllerTests" name="testShow" time="0.062" />

      <testcase classname="biblioj.LivreControllerTests" name="testList" time="0.122" />

      <testcase classname="biblioj.LivreControllerTests" name="testIndex" time="0.064" />

      <system-out><![CDATA[--Output from testEdit--
--Output from testUpdate--
--Output from testSave--
--Output from testDelete--
--Output from testCreate--
--Output from testShow--
--Output from testList--
--Output from testIndex--
]]></system-out>

      <system-err><![CDATA[--Output from testEdit--
--Output from testUpdate--
--Output from testSave--
--Output from testDelete--
--Output from testCreate--
--Output from testShow--
--Output from testList--
--Output from testIndex--
]]></system-err>

  </testsuite>
  <testsuite errors="0" failures="0" hostname="XERS-PC" id="6" name="LivreTests" package="biblioj" tests="7" time="0.297" timestamp="2014-04-21T03:13:33">
      <properties />

      <testcase classname="biblioj.LivreTests" name="testConstraintTypeDocumentNull" time="0.091" />

      <testcase classname="biblioj.LivreTests" name="testConstraintNombreExemplairesMinValue" time="0.013" />

      <testcase classname="biblioj.LivreTests" name="testConstraintTitreNullNombreExemplairesNullNombreExemplairesDisponiblesNull" time="0.01" />

      <testcase classname="biblioj.LivreTests" name="testConstraintNombreExemplairesDisponiblesMinValue" time="0.011" />

      <testcase classname="biblioj.LivreTests" name="testToString" time="0.012" />

      <testcase classname="biblioj.LivreTests" name="testConstraintsValidees" time="0.011" />

      <testcase classname="biblioj.LivreTests" name="testConstraintTitreNull" time="0.012" />

      <system-out><![CDATA[--Output from testConstraintTypeDocumentNull--
--Output from testConstraintNombreExemplairesMinValue--
--Output from testConstraintTitreNullNombreExemplairesNullNombreExemplairesDisponiblesNull--
--Output from testConstraintNombreExemplairesDisponiblesMinValue--
--Output from testToString--
--Output from testConstraintsValidees--
--Output from testConstraintTitreNull--
]]></system-out>

      <system-err><![CDATA[--Output from testConstraintTypeDocumentNull--
--Output from testConstraintNombreExemplairesMinValue--
--Output from testConstraintTitreNullNombreExemplairesNullNombreExemplairesDisponiblesNull--
--Output from testConstraintNombreExemplairesDisponiblesMinValue--
--Output from testToString--
--Output from testConstraintsValidees--
--Output from testConstraintTitreNull--
]]></system-err>

  </testsuite>
  <testsuite errors="0" failures="0" hostname="XERS-PC" id="7" name="ReservationControllerTests" package="biblioj" tests="8" time="1.015" timestamp="2014-04-21T03:13:33">
      <properties />

      <testcase classname="biblioj.ReservationControllerTests" name="testEdit" time="0.362" />

      <testcase classname="biblioj.ReservationControllerTests" name="testUpdate" time="0.081" />

      <testcase classname="biblioj.ReservationControllerTests" name="testSave" time="0.056" />

      <testcase classname="biblioj.ReservationControllerTests" name="testDelete" time="0.115" />

      <testcase classname="biblioj.ReservationControllerTests" name="testCreate" time="0.053" />

      <testcase classname="biblioj.ReservationControllerTests" name="testShow" time="0.091" />

      <testcase classname="biblioj.ReservationControllerTests" name="testList" time="0.067" />

      <testcase classname="biblioj.ReservationControllerTests" name="testIndex" time="0.071" />

      <system-out><![CDATA[--Output from testEdit--
--Output from testUpdate--
--Output from testSave--
--Output from testDelete--
--Output from testCreate--
--Output from testShow--
--Output from testList--
--Output from testIndex--
]]></system-out>

      <system-err><![CDATA[--Output from testEdit--
--Output from testUpdate--
--Output from testSave--
--Output from testDelete--
--Output from testCreate--
--Output from testShow--
--Output from testList--
--Output from testIndex--
]]></system-err>

  </testsuite>
  <testsuite errors="0" failures="0" hostname="XERS-PC" id="8" name="ReservationTests" package="biblioj" tests="3" time="0.304" timestamp="2014-04-21T03:13:34">
      <properties />

      <testcase classname="biblioj.ReservationTests" name="testToString" time="0.083" />

      <testcase classname="biblioj.ReservationTests" name="testConstraintsValidees" time="0.017" />

      <testcase classname="biblioj.ReservationTests" name="testConstraintCodeNull" time="0.013" />

      <system-out><![CDATA[--Output from testToString--
--Output from testConstraintsValidees--
--Output from testConstraintCodeNull--
]]></system-out>

      <system-err><![CDATA[--Output from testToString--
--Output from testConstraintsValidees--
--Output from testConstraintCodeNull--
]]></system-err>

  </testsuite>
  <testsuite errors="0" failures="0" hostname="XERS-PC" id="9" name="TypeDocumentControllerTests" package="biblioj" tests="8" time="0.814" timestamp="2014-04-21T03:13:35">
      <properties />

      <testcase classname="biblioj.TypeDocumentControllerTests" name="testEdit" time="0.287" />

      <testcase classname="biblioj.TypeDocumentControllerTests" name="testUpdate" time="0.073" />

      <testcase classname="biblioj.TypeDocumentControllerTests" name="testSave" time="0.062" />

      <testcase classname="biblioj.TypeDocumentControllerTests" name="testDelete" time="0.058" />

      <testcase classname="biblioj.TypeDocumentControllerTests" name="testCreate" time="0.046" />

      <testcase classname="biblioj.TypeDocumentControllerTests" name="testShow" time="0.051" />

      <testcase classname="biblioj.TypeDocumentControllerTests" name="testList" time="0.047" />

      <testcase classname="biblioj.TypeDocumentControllerTests" name="testIndex" time="0.047" />

      <system-out><![CDATA[--Output from testEdit--
--Output from testUpdate--
--Output from testSave--
--Output from testDelete--
--Output from testCreate--
--Output from testShow--
--Output from testList--
--Output from testIndex--
]]></system-out>

      <system-err><![CDATA[--Output from testEdit--
--Output from testUpdate--
--Output from testSave--
--Output from testDelete--
--Output from testCreate--
--Output from testShow--
--Output from testList--
--Output from testIndex--
]]></system-err>

  </testsuite>
  <testsuite errors="0" failures="0" hostname="XERS-PC" id="10" name="TypeDocumentTests" package="biblioj" tests="4" time="0.111" timestamp="2014-04-21T03:13:35">
      <properties />

      <testcase classname="biblioj.TypeDocumentTests" name="testToString" time="0.079" />

      <testcase classname="biblioj.TypeDocumentTests" name="testConstraintsValidees" time="0.011" />

      <testcase classname="biblioj.TypeDocumentTests" name="testConstraintIntituleBlank" time="0.009" />

      <testcase classname="biblioj.TypeDocumentTests" name="testConstraintIntituleNull" time="0.008" />

      <system-out><![CDATA[--Output from testToString--
--Output from testConstraintsValidees--
--Output from testConstraintIntituleBlank--
--Output from testConstraintIntituleNull--
]]></system-out>

      <system-err><![CDATA[--Output from testToString--
--Output from testConstraintsValidees--
--Output from testConstraintIntituleBlank--
--Output from testConstraintIntituleNull--
]]></system-err>

  </testsuite>
</testsuites>
