<?xml version="1.0" encoding="UTF-8" ?>
<testsuite errors="0" failures="5" hostname="XERS-PC" name="biblioj.ReservationControllerTests" tests="8" time="1.049" timestamp="2014-04-21T01:52:06">
  <properties />
  <testcase classname="biblioj.ReservationControllerTests" name="testEdit" time="0.382">
    <failure message="Assertion failed: &#xa;&#xa;assert reservation.save() != null&#xa;       |           |      |&#xa;       |           null   false&#xa;       biblioj.Reservation@421a09a1 (toString() == null)&#xa;" type="junit.framework.AssertionFailedError">junit.framework.AssertionFailedError: Assertion failed: 

assert reservation.save() != null
       |           |      |
       |           null   false
       biblioj.Reservation@421a09a1 (toString() == null)

	at biblioj.ReservationControllerTests.testEdit(ReservationControllerTests.groovy:80)
</failure>
  </testcase>
  <testcase classname="biblioj.ReservationControllerTests" name="testSave" time="0.096">
    <failure message="Assertion failed: &#xa;&#xa;assert response.redirectedUrl == &apos;/reservation/show/1&apos;&#xa;       |        |             |&#xa;       |        null          false&#xa;       org.codehaus.groovy.grails.plugins.testing.GrailsMockHttpServletResponse@72c2ea35&#xa;" type="junit.framework.AssertionFailedError">junit.framework.AssertionFailedError: Assertion failed: 

assert response.redirectedUrl == &apos;/reservation/show/1&apos;
       |        |             |
       |        null          false
       org.codehaus.groovy.grails.plugins.testing.GrailsMockHttpServletResponse@72c2ea35

	at biblioj.ReservationControllerTests.testSave(ReservationControllerTests.groovy:48)
</failure>
  </testcase>
  <testcase classname="biblioj.ReservationControllerTests" name="testCreate" time="0.071" />
  <testcase classname="biblioj.ReservationControllerTests" name="testShow" time="0.077">
    <failure message="Assertion failed: &#xa;&#xa;assert reservation.save() != null&#xa;       |           |      |&#xa;       |           null   false&#xa;       biblioj.Reservation@46fff62d (toString() == null)&#xa;" type="junit.framework.AssertionFailedError">junit.framework.AssertionFailedError: Assertion failed: 

assert reservation.save() != null
       |           |      |
       |           null   false
       biblioj.Reservation@46fff62d (toString() == null)

	at biblioj.ReservationControllerTests.testShow(ReservationControllerTests.groovy:62)
</failure>
  </testcase>
  <testcase classname="biblioj.ReservationControllerTests" name="testList" time="0.061" />
  <testcase classname="biblioj.ReservationControllerTests" name="testIndex" time="0.063" />
  <testcase classname="biblioj.ReservationControllerTests" name="testUpdate" time="0.07">
    <failure message="Assertion failed: &#xa;&#xa;assert reservation.save() != null&#xa;       |           |      |&#xa;       |           null   false&#xa;       biblioj.Reservation@55477b87 (toString() == null)&#xa;" type="junit.framework.AssertionFailedError">junit.framework.AssertionFailedError: Assertion failed: 

assert reservation.save() != null
       |           |      |
       |           null   false
       biblioj.Reservation@55477b87 (toString() == null)

	at biblioj.ReservationControllerTests.testUpdate(ReservationControllerTests.groovy:100)
</failure>
  </testcase>
  <testcase classname="biblioj.ReservationControllerTests" name="testDelete" time="0.111">
    <failure message="Assertion failed: &#xa;&#xa;assert reservation.save() != null&#xa;       |           |      |&#xa;       |           null   false&#xa;       biblioj.Reservation@4e0848c4 (toString() == null)&#xa;" type="junit.framework.AssertionFailedError">junit.framework.AssertionFailedError: Assertion failed: 

assert reservation.save() != null
       |           |      |
       |           null   false
       biblioj.Reservation@4e0848c4 (toString() == null)

	at biblioj.ReservationControllerTests.testDelete(ReservationControllerTests.groovy:144)
</failure>
  </testcase>
  <system-out><![CDATA[--Output from testEdit--
--Output from testSave--
--Output from testCreate--
--Output from testShow--
--Output from testList--
--Output from testIndex--
--Output from testUpdate--
--Output from testDelete--
]]></system-out>
  <system-err><![CDATA[--Output from testEdit--
--Output from testSave--
--Output from testCreate--
--Output from testShow--
--Output from testList--
--Output from testIndex--
--Output from testUpdate--
--Output from testDelete--
]]></system-err>
</testsuite>
