<?xml version="1.0" encoding="UTF-8" ?>
<testsuites>
  <testsuite errors="0" failures="0" hostname="Anas-PC" id="0" name="InitialisationServiceTests" package="biblioj" tests="1" time="0.749" timestamp="2014-04-22T22:49:48">
      <properties />

      <testcase classname="biblioj.InitialisationServiceTests" name="testSomething" time="0.747" />

      <system-out><![CDATA[--Output from testSomething--
]]></system-out>

      <system-err><![CDATA[--Output from testSomething--
]]></system-err>

  </testsuite>
  <testsuite errors="0" failures="0" hostname="Anas-PC" id="1" name="AuteurControllerTests" package="biblioj" tests="8" time="5.603" timestamp="2014-04-22T22:49:11">
      <properties />

      <testcase classname="biblioj.AuteurControllerTests" name="testShow" time="3.841" />

      <testcase classname="biblioj.AuteurControllerTests" name="testDelete" time="0.863" />

      <testcase classname="biblioj.AuteurControllerTests" name="testUpdate" time="0.221" />

      <testcase classname="biblioj.AuteurControllerTests" name="testCreate" time="0.071" />

      <testcase classname="biblioj.AuteurControllerTests" name="testSave" time="0.103" />

      <testcase classname="biblioj.AuteurControllerTests" name="testList" time="0.13" />

      <testcase classname="biblioj.AuteurControllerTests" name="testEdit" time="0.082" />

      <testcase classname="biblioj.AuteurControllerTests" name="testIndex" time="0.079" />

      <system-out><![CDATA[--Output from testShow--
--Output from testDelete--
--Output from testUpdate--
--Output from testCreate--
--Output from testSave--
--Output from testList--
--Output from testEdit--
--Output from testIndex--
]]></system-out>

      <system-err><![CDATA[--Output from testShow--
--Output from testDelete--
--Output from testUpdate--
--Output from testCreate--
--Output from testSave--
--Output from testList--
--Output from testEdit--
--Output from testIndex--
]]></system-err>

  </testsuite>
  <testsuite errors="0" failures="0" hostname="Anas-PC" id="2" name="AuteurTests" package="biblioj" tests="8" time="0.571" timestamp="2014-04-22T22:49:17">
      <properties />

      <testcase classname="biblioj.AuteurTests" name="testConstraintNomNullPrenomNull" time="0.133" />

      <testcase classname="biblioj.AuteurTests" name="testConstraintNomBlankPrenomBlanck" time="0.025" />

      <testcase classname="biblioj.AuteurTests" name="testToString" time="0.022" />

      <testcase classname="biblioj.AuteurTests" name="testConstraintNomNull" time="0.024" />

      <testcase classname="biblioj.AuteurTests" name="testConstraintPrenomNull" time="0.022" />

      <testcase classname="biblioj.AuteurTests" name="testConstraintsValidees" time="0.032" />

      <testcase classname="biblioj.AuteurTests" name="testConstraintPrenomBlank" time="0.026" />

      <testcase classname="biblioj.AuteurTests" name="testConstraintNomBlank" time="0.035" />

      <system-out><![CDATA[--Output from testConstraintNomNullPrenomNull--
--Output from testConstraintNomBlankPrenomBlanck--
--Output from testToString--
--Output from testConstraintNomNull--
--Output from testConstraintPrenomNull--
--Output from testConstraintsValidees--
--Output from testConstraintPrenomBlank--
--Output from testConstraintNomBlank--
]]></system-out>

      <system-err><![CDATA[--Output from testConstraintNomNullPrenomNull--
--Output from testConstraintNomBlankPrenomBlanck--
--Output from testToString--
--Output from testConstraintNomNull--
--Output from testConstraintPrenomNull--
--Output from testConstraintsValidees--
--Output from testConstraintPrenomBlank--
--Output from testConstraintNomBlank--
]]></system-err>

  </testsuite>
  <testsuite errors="0" failures="0" hostname="Anas-PC" id="3" name="LivreControllerTests" package="biblioj" tests="8" time="1.967" timestamp="2014-04-22T22:49:17">
      <properties />

      <testcase classname="biblioj.LivreControllerTests" name="testShow" time="0.907" />

      <testcase classname="biblioj.LivreControllerTests" name="testDelete" time="0.148" />

      <testcase classname="biblioj.LivreControllerTests" name="testUpdate" time="0.139" />

      <testcase classname="biblioj.LivreControllerTests" name="testCreate" time="0.127" />

      <testcase classname="biblioj.LivreControllerTests" name="testSave" time="0.122" />

      <testcase classname="biblioj.LivreControllerTests" name="testList" time="0.091" />

      <testcase classname="biblioj.LivreControllerTests" name="testEdit" time="0.133" />

      <testcase classname="biblioj.LivreControllerTests" name="testIndex" time="0.138" />

      <system-out><![CDATA[--Output from testShow--
--Output from testDelete--
--Output from testUpdate--
--Output from testCreate--
--Output from testSave--
--Output from testList--
--Output from testEdit--
--Output from testIndex--
]]></system-out>

      <system-err><![CDATA[--Output from testShow--
--Output from testDelete--
--Output from testUpdate--
--Output from testCreate--
--Output from testSave--
--Output from testList--
--Output from testEdit--
--Output from testIndex--
]]></system-err>

  </testsuite>
  <testsuite errors="0" failures="0" hostname="Anas-PC" id="4" name="LivreTests" package="biblioj" tests="7" time="0.441" timestamp="2014-04-22T22:49:19">
      <properties />

      <testcase classname="biblioj.LivreTests" name="testConstraintTitreNullNombreExemplairesNullNombreExemplairesDisponiblesNull" time="0.132" />

      <testcase classname="biblioj.LivreTests" name="testConstraintNombreExemplairesMinValue" time="0.029" />

      <testcase classname="biblioj.LivreTests" name="testConstraintTypeDocumentNull" time="0.019" />

      <testcase classname="biblioj.LivreTests" name="testConstraintNombreExemplairesDisponiblesMinValue" time="0.013" />

      <testcase classname="biblioj.LivreTests" name="testToString" time="0.015" />

      <testcase classname="biblioj.LivreTests" name="testConstraintsValidees" time="0.013" />

      <testcase classname="biblioj.LivreTests" name="testConstraintTitreNull" time="0.014" />

      <system-out><![CDATA[--Output from testConstraintTitreNullNombreExemplairesNullNombreExemplairesDisponiblesNull--
--Output from testConstraintNombreExemplairesMinValue--
--Output from testConstraintTypeDocumentNull--
--Output from testConstraintNombreExemplairesDisponiblesMinValue--
--Output from testToString--
--Output from testConstraintsValidees--
--Output from testConstraintTitreNull--
]]></system-out>

      <system-err><![CDATA[--Output from testConstraintTitreNullNombreExemplairesNullNombreExemplairesDisponiblesNull--
--Output from testConstraintNombreExemplairesMinValue--
--Output from testConstraintTypeDocumentNull--
--Output from testConstraintNombreExemplairesDisponiblesMinValue--
--Output from testToString--
--Output from testConstraintsValidees--
--Output from testConstraintTitreNull--
]]></system-err>

  </testsuite>
  <testsuite errors="0" failures="0" hostname="Anas-PC" id="5" name="ReservationControllerTests" package="biblioj" tests="8" time="1.267" timestamp="2014-04-22T22:49:20">
      <properties />

      <testcase classname="biblioj.ReservationControllerTests" name="testShow" time="0.455" />

      <testcase classname="biblioj.ReservationControllerTests" name="testDelete" time="0.12" />

      <testcase classname="biblioj.ReservationControllerTests" name="testUpdate" time="0.217" />

      <testcase classname="biblioj.ReservationControllerTests" name="testCreate" time="0.082" />

      <testcase classname="biblioj.ReservationControllerTests" name="testSave" time="0.074" />

      <testcase classname="biblioj.ReservationControllerTests" name="testList" time="0.071" />

      <testcase classname="biblioj.ReservationControllerTests" name="testEdit" time="0.068" />

      <testcase classname="biblioj.ReservationControllerTests" name="testIndex" time="0.066" />

      <system-out><![CDATA[--Output from testShow--
--Output from testDelete--
--Output from testUpdate--
--Output from testCreate--
--Output from testSave--
--Output from testList--
--Output from testEdit--
--Output from testIndex--
]]></system-out>

      <system-err><![CDATA[--Output from testShow--
--Output from testDelete--
--Output from testUpdate--
--Output from testCreate--
--Output from testSave--
--Output from testList--
--Output from testEdit--
--Output from testIndex--
]]></system-err>

  </testsuite>
  <testsuite errors="1" failures="0" hostname="Anas-PC" id="6" name="ReservationTests" package="biblioj" tests="4" time="0.712" timestamp="2014-04-22T22:49:21">
      <properties />

      <testcase classname="biblioj.ReservationTests" name="testToString" time="0.091" />

      <testcase classname="biblioj.ReservationTests" name="testSupprimer" time="0.406">
          <error message="No signature of method: biblioj.TypeDocument.save() is applicable for argument types: () values: []&#xa;Possible solutions: save(), save(boolean), save(java.util.Map), wait(), last(), any()" type="groovy.lang.MissingMethodException">groovy.lang.MissingMethodException: No signature of method: biblioj.TypeDocument.save() is applicable for argument types: () values: []
Possible solutions: save(), save(boolean), save(java.util.Map), wait(), last(), any()
	at biblioj.ReservationTests.testSupprimer(ReservationTests.groovy:40)
</error>

      </testcase>

      <testcase classname="biblioj.ReservationTests" name="testConstraintsValidees" time="0.018" />

      <testcase classname="biblioj.ReservationTests" name="testConstraintCodeNull" time="0.014" />

      <system-out><![CDATA[--Output from testToString--
--Output from testSupprimer--
--Output from testConstraintsValidees--
--Output from testConstraintCodeNull--
]]></system-out>

      <system-err><![CDATA[--Output from testToString--
--Output from testSupprimer--
--Output from testConstraintsValidees--
--Output from testConstraintCodeNull--
]]></system-err>

  </testsuite>
  <testsuite errors="0" failures="0" hostname="Anas-PC" id="7" name="TypeDocumentControllerTests" package="biblioj" tests="8" time="1.061" timestamp="2014-04-22T22:49:22">
      <properties />

      <testcase classname="biblioj.TypeDocumentControllerTests" name="testShow" time="0.391" />

      <testcase classname="biblioj.TypeDocumentControllerTests" name="testDelete" time="0.071" />

      <testcase classname="biblioj.TypeDocumentControllerTests" name="testUpdate" time="0.08" />

      <testcase classname="biblioj.TypeDocumentControllerTests" name="testCreate" time="0.076" />

      <testcase classname="biblioj.TypeDocumentControllerTests" name="testSave" time="0.082" />

      <testcase classname="biblioj.TypeDocumentControllerTests" name="testList" time="0.063" />

      <testcase classname="biblioj.TypeDocumentControllerTests" name="testEdit" time="0.073" />

      <testcase classname="biblioj.TypeDocumentControllerTests" name="testIndex" time="0.106" />

      <system-out><![CDATA[--Output from testShow--
--Output from testDelete--
--Output from testUpdate--
--Output from testCreate--
--Output from testSave--
--Output from testList--
--Output from testEdit--
--Output from testIndex--
]]></system-out>

      <system-err><![CDATA[--Output from testShow--
--Output from testDelete--
--Output from testUpdate--
--Output from testCreate--
--Output from testSave--
--Output from testList--
--Output from testEdit--
--Output from testIndex--
]]></system-err>

  </testsuite>
  <testsuite errors="0" failures="0" hostname="Anas-PC" id="8" name="TypeDocumentTests" package="biblioj" tests="4" time="0.108" timestamp="2014-04-22T22:49:23">
      <properties />

      <testcase classname="biblioj.TypeDocumentTests" name="testToString" time="0.063" />

      <testcase classname="biblioj.TypeDocumentTests" name="testConstraintsValidees" time="0.016" />

      <testcase classname="biblioj.TypeDocumentTests" name="testConstraintIntituleBlank" time="0.012" />

      <testcase classname="biblioj.TypeDocumentTests" name="testConstraintIntituleNull" time="0.011" />

      <system-out><![CDATA[--Output from testToString--
--Output from testConstraintsValidees--
--Output from testConstraintIntituleBlank--
--Output from testConstraintIntituleNull--
]]></system-out>

      <system-err><![CDATA[--Output from testToString--
--Output from testConstraintsValidees--
--Output from testConstraintIntituleBlank--
--Output from testConstraintIntituleNull--
]]></system-err>

  </testsuite>
</testsuites>
