<?xml version="1.0" encoding="UTF-8" ?>
<testsuites>
  <testsuite errors="0" failures="0" hostname="XERS-PC" id="0" name="InitialisationServiceTests" package="biblioj" tests="1" time="0.476" timestamp="2014-04-22T22:32:01">
      <properties />

      <testcase classname="biblioj.InitialisationServiceTests" name="testSomething" time="0.475" />

      <system-out><![CDATA[--Output from testSomething--
]]></system-out>

      <system-err><![CDATA[--Output from testSomething--
]]></system-err>

  </testsuite>
  <testsuite errors="0" failures="0" hostname="XERS-PC" id="1" name="AuteurControllerTests" package="biblioj" tests="8" time="1.477" timestamp="2014-04-22T22:31:52">
      <properties />

      <testcase classname="biblioj.AuteurControllerTests" name="testList" time="0.26" />

      <testcase classname="biblioj.AuteurControllerTests" name="testCreate" time="0.665" />

      <testcase classname="biblioj.AuteurControllerTests" name="testSave" time="0.111" />

      <testcase classname="biblioj.AuteurControllerTests" name="testUpdate" time="0.07" />

      <testcase classname="biblioj.AuteurControllerTests" name="testEdit" time="0.061" />

      <testcase classname="biblioj.AuteurControllerTests" name="testShow" time="0.066" />

      <testcase classname="biblioj.AuteurControllerTests" name="testIndex" time="0.067" />

      <testcase classname="biblioj.AuteurControllerTests" name="testDelete" time="0.073" />

      <system-out><![CDATA[--Output from testList--
--Output from testCreate--
--Output from testSave--
--Output from testUpdate--
--Output from testEdit--
--Output from testShow--
--Output from testIndex--
--Output from testDelete--
]]></system-out>

      <system-err><![CDATA[--Output from testList--
--Output from testCreate--
--Output from testSave--
--Output from testUpdate--
--Output from testEdit--
--Output from testShow--
--Output from testIndex--
--Output from testDelete--
]]></system-err>

  </testsuite>
  <testsuite errors="0" failures="0" hostname="XERS-PC" id="2" name="AuteurTests" package="biblioj" tests="8" time="0.303" timestamp="2014-04-22T22:31:53">
      <properties />

      <testcase classname="biblioj.AuteurTests" name="testConstraintNomNullPrenomNull" time="0.067" />

      <testcase classname="biblioj.AuteurTests" name="testConstraintNomBlankPrenomBlanck" time="0.012" />

      <testcase classname="biblioj.AuteurTests" name="testConstraintsValidees" time="0.029" />

      <testcase classname="biblioj.AuteurTests" name="testConstraintPrenomBlank" time="0.01" />

      <testcase classname="biblioj.AuteurTests" name="testConstraintPrenomNull" time="0.012" />

      <testcase classname="biblioj.AuteurTests" name="testConstraintNomNull" time="0.011" />

      <testcase classname="biblioj.AuteurTests" name="testConstraintNomBlank" time="0.01" />

      <testcase classname="biblioj.AuteurTests" name="testToString" time="0.013" />

      <system-out><![CDATA[--Output from testConstraintNomNullPrenomNull--
--Output from testConstraintNomBlankPrenomBlanck--
--Output from testConstraintsValidees--
--Output from testConstraintPrenomBlank--
--Output from testConstraintPrenomNull--
--Output from testConstraintNomNull--
--Output from testConstraintNomBlank--
--Output from testToString--
]]></system-out>

      <system-err><![CDATA[--Output from testConstraintNomNullPrenomNull--
--Output from testConstraintNomBlankPrenomBlanck--
--Output from testConstraintsValidees--
--Output from testConstraintPrenomBlank--
--Output from testConstraintPrenomNull--
--Output from testConstraintNomNull--
--Output from testConstraintNomBlank--
--Output from testToString--
]]></system-err>

  </testsuite>
  <testsuite errors="0" failures="0" hostname="XERS-PC" id="3" name="LivreControllerTests" package="biblioj" tests="8" time="0.945" timestamp="2014-04-22T22:31:54">
      <properties />

      <testcase classname="biblioj.LivreControllerTests" name="testList" time="0.309" />

      <testcase classname="biblioj.LivreControllerTests" name="testCreate" time="0.086" />

      <testcase classname="biblioj.LivreControllerTests" name="testSave" time="0.126" />

      <testcase classname="biblioj.LivreControllerTests" name="testUpdate" time="0.086" />

      <testcase classname="biblioj.LivreControllerTests" name="testEdit" time="0.059" />

      <testcase classname="biblioj.LivreControllerTests" name="testShow" time="0.057" />

      <testcase classname="biblioj.LivreControllerTests" name="testIndex" time="0.054" />

      <testcase classname="biblioj.LivreControllerTests" name="testDelete" time="0.062" />

      <system-out><![CDATA[--Output from testList--
--Output from testCreate--
--Output from testSave--
--Output from testUpdate--
--Output from testEdit--
--Output from testShow--
--Output from testIndex--
--Output from testDelete--
]]></system-out>

      <system-err><![CDATA[--Output from testList--
--Output from testCreate--
--Output from testSave--
--Output from testUpdate--
--Output from testEdit--
--Output from testShow--
--Output from testIndex--
--Output from testDelete--
]]></system-err>

  </testsuite>
  <testsuite errors="0" failures="0" hostname="XERS-PC" id="4" name="LivreTests" package="biblioj" tests="7" time="0.318" timestamp="2014-04-22T22:31:55">
      <properties />

      <testcase classname="biblioj.LivreTests" name="testConstraintNombreExemplairesDisponiblesMinValue" time="0.095" />

      <testcase classname="biblioj.LivreTests" name="testConstraintTitreNullNombreExemplairesNullNombreExemplairesDisponiblesNull" time="0.011" />

      <testcase classname="biblioj.LivreTests" name="testConstraintTypeDocumentNull" time="0.013" />

      <testcase classname="biblioj.LivreTests" name="testConstraintNombreExemplairesMinValue" time="0.012" />

      <testcase classname="biblioj.LivreTests" name="testConstraintsValidees" time="0.012" />

      <testcase classname="biblioj.LivreTests" name="testConstraintTitreNull" time="0.012" />

      <testcase classname="biblioj.LivreTests" name="testToString" time="0.011" />

      <system-out><![CDATA[--Output from testConstraintNombreExemplairesDisponiblesMinValue--
--Output from testConstraintTitreNullNombreExemplairesNullNombreExemplairesDisponiblesNull--
--Output from testConstraintTypeDocumentNull--
--Output from testConstraintNombreExemplairesMinValue--
--Output from testConstraintsValidees--
--Output from testConstraintTitreNull--
--Output from testToString--
]]></system-out>

      <system-err><![CDATA[--Output from testConstraintNombreExemplairesDisponiblesMinValue--
--Output from testConstraintTitreNullNombreExemplairesNullNombreExemplairesDisponiblesNull--
--Output from testConstraintTypeDocumentNull--
--Output from testConstraintNombreExemplairesMinValue--
--Output from testConstraintsValidees--
--Output from testConstraintTitreNull--
--Output from testToString--
]]></system-err>

  </testsuite>
  <testsuite errors="0" failures="0" hostname="XERS-PC" id="5" name="ReservationControllerTests" package="biblioj" tests="8" time="0.859" timestamp="2014-04-22T22:31:55">
      <properties />

      <testcase classname="biblioj.ReservationControllerTests" name="testList" time="0.246" />

      <testcase classname="biblioj.ReservationControllerTests" name="testCreate" time="0.076" />

      <testcase classname="biblioj.ReservationControllerTests" name="testSave" time="0.104" />

      <testcase classname="biblioj.ReservationControllerTests" name="testUpdate" time="0.069" />

      <testcase classname="biblioj.ReservationControllerTests" name="testEdit" time="0.057" />

      <testcase classname="biblioj.ReservationControllerTests" name="testShow" time="0.061" />

      <testcase classname="biblioj.ReservationControllerTests" name="testIndex" time="0.079" />

      <testcase classname="biblioj.ReservationControllerTests" name="testDelete" time="0.062" />

      <system-out><![CDATA[--Output from testList--
--Output from testCreate--
--Output from testSave--
--Output from testUpdate--
--Output from testEdit--
--Output from testShow--
--Output from testIndex--
--Output from testDelete--
]]></system-out>

      <system-err><![CDATA[--Output from testList--
--Output from testCreate--
--Output from testSave--
--Output from testUpdate--
--Output from testEdit--
--Output from testShow--
--Output from testIndex--
--Output from testDelete--
]]></system-err>

  </testsuite>
  <testsuite errors="1" failures="0" hostname="XERS-PC" id="6" name="ReservationTests" package="biblioj" tests="4" time="0.251" timestamp="2014-04-22T22:31:56">
      <properties />

      <testcase classname="biblioj.ReservationTests" name="testConstraintsValidees" time="0.067" />

      <testcase classname="biblioj.ReservationTests" name="testConstraintCodeNull" time="0.011" />

      <testcase classname="biblioj.ReservationTests" name="testToString" time="0.011" />

      <testcase classname="biblioj.ReservationTests" name="testSupprimer" time="0.024">
          <error message="No signature of method: biblioj.TypeDocument.save() is applicable for argument types: () values: []&#xa;Possible solutions: save(), save(boolean), save(java.util.Map), wait(), last(), any()" type="groovy.lang.MissingMethodException">groovy.lang.MissingMethodException: No signature of method: biblioj.TypeDocument.save() is applicable for argument types: () values: []
Possible solutions: save(), save(boolean), save(java.util.Map), wait(), last(), any()
	at biblioj.ReservationTests.testSupprimer(ReservationTests.groovy:40)
</error>

      </testcase>

      <system-out><![CDATA[--Output from testConstraintsValidees--
--Output from testConstraintCodeNull--
--Output from testToString--
--Output from testSupprimer--
]]></system-out>

      <system-err><![CDATA[--Output from testConstraintsValidees--
--Output from testConstraintCodeNull--
--Output from testToString--
--Output from testSupprimer--
]]></system-err>

  </testsuite>
  <testsuite errors="0" failures="0" hostname="XERS-PC" id="7" name="TypeDocumentControllerTests" package="biblioj" tests="8" time="0.822" timestamp="2014-04-22T22:31:56">
      <properties />

      <testcase classname="biblioj.TypeDocumentControllerTests" name="testList" time="0.268" />

      <testcase classname="biblioj.TypeDocumentControllerTests" name="testCreate" time="0.064" />

      <testcase classname="biblioj.TypeDocumentControllerTests" name="testSave" time="0.104" />

      <testcase classname="biblioj.TypeDocumentControllerTests" name="testUpdate" time="0.064" />

      <testcase classname="biblioj.TypeDocumentControllerTests" name="testEdit" time="0.057" />

      <testcase classname="biblioj.TypeDocumentControllerTests" name="testShow" time="0.057" />

      <testcase classname="biblioj.TypeDocumentControllerTests" name="testIndex" time="0.048" />

      <testcase classname="biblioj.TypeDocumentControllerTests" name="testDelete" time="0.058" />

      <system-out><![CDATA[--Output from testList--
--Output from testCreate--
--Output from testSave--
--Output from testUpdate--
--Output from testEdit--
--Output from testShow--
--Output from testIndex--
--Output from testDelete--
]]></system-out>

      <system-err><![CDATA[--Output from testList--
--Output from testCreate--
--Output from testSave--
--Output from testUpdate--
--Output from testEdit--
--Output from testShow--
--Output from testIndex--
--Output from testDelete--
]]></system-err>

  </testsuite>
  <testsuite errors="0" failures="0" hostname="XERS-PC" id="8" name="TypeDocumentTests" package="biblioj" tests="4" time="0.088" timestamp="2014-04-22T22:31:57">
      <properties />

      <testcase classname="biblioj.TypeDocumentTests" name="testConstraintsValidees" time="0.056" />

      <testcase classname="biblioj.TypeDocumentTests" name="testConstraintIntituleBlank" time="0.01" />

      <testcase classname="biblioj.TypeDocumentTests" name="testConstraintIntituleNull" time="0.009" />

      <testcase classname="biblioj.TypeDocumentTests" name="testToString" time="0.009" />

      <system-out><![CDATA[--Output from testConstraintsValidees--
--Output from testConstraintIntituleBlank--
--Output from testConstraintIntituleNull--
--Output from testToString--
]]></system-out>

      <system-err><![CDATA[--Output from testConstraintsValidees--
--Output from testConstraintIntituleBlank--
--Output from testConstraintIntituleNull--
--Output from testToString--
]]></system-err>

  </testsuite>
</testsuites>
